<?xml version="1.0" encoding="UTF-8"?>
<robot generator="Robot 3.2.1 (Python 3.8.2 on win32)" generated="20200602 18:21:37.713" rpa="false">
<suite id="s1" name="RobotFrameSelenium" source="D:\RobotFrameWork\RobotFrameSelenium">
<suite id="s1-s1" name="Test" source="D:\RobotFrameWork\RobotFrameSelenium\Test">
<suite id="s1-s1-s1" name="TestSuite1" source="D:\RobotFrameWork\RobotFrameSelenium\Test\TestSuite1.robot">
<test id="s1-s1-s1-t1" name="FirstSeleniumTest">
<kw name="Open Browser" library="SeleniumLibrary" type="setup">
<doc>Opens a new browser instance to the optional ``url``.</doc>
<arguments>
<arg>${URL}</arg>
<arg>chrome</arg>
</arguments>
<msg timestamp="20200602 18:21:40.440" level="INFO">Opening browser 'chrome' to base url 'https://www.google.com'.</msg>
<status status="PASS" starttime="20200602 18:21:40.435" endtime="20200602 18:21:47.115"></status>
</kw>
<kw name="Set Browser Implicit Wait" library="SeleniumLibrary">
<doc>Sets the implicit wait value used by Selenium.</doc>
<arguments>
<arg>5</arg>
</arguments>
<status status="PASS" starttime="20200602 18:21:47.115" endtime="20200602 18:21:47.116"></status>
</kw>
<kw name="TestScenario">
<kw name="Input Text" library="SeleniumLibrary">
<doc>Types the given ``text`` into the text field identified by ``locator``.</doc>
<arguments>
<arg>name=q</arg>
<arg>${inputText}</arg>
</arguments>
<msg timestamp="20200602 18:21:47.120" level="INFO">Typing text 'Janmejay' into text field 'name=q'.</msg>
<status status="PASS" starttime="20200602 18:21:47.120" endtime="20200602 18:21:47.583"></status>
</kw>
<kw name="Click Button" library="SeleniumLibrary">
<doc>Clicks the button identified by ``locator``.</doc>
<arguments>
<arg>name=btnK</arg>
</arguments>
<msg timestamp="20200602 18:21:47.584" level="INFO">Clicking button 'name=btnK'.</msg>
<status status="PASS" starttime="20200602 18:21:47.584" endtime="20200602 18:21:49.621"></status>
</kw>
<status status="PASS" starttime="20200602 18:21:47.120" endtime="20200602 18:21:49.621"></status>
</kw>
<kw name="Close All Browsers" library="SeleniumLibrary" type="teardown">
<doc>Closes all open browsers and resets the browser cache.</doc>
<status status="PASS" starttime="20200602 18:21:49.622" endtime="20200602 18:21:51.972"></status>
</kw>
<status status="PASS" starttime="20200602 18:21:40.435" endtime="20200602 18:21:51.972" critical="yes"></status>
</test>
<status status="PASS" starttime="20200602 18:21:38.332" endtime="20200602 18:21:51.976"></status>
</suite>
<status status="PASS" starttime="20200602 18:21:38.327" endtime="20200602 18:21:51.980"></status>
</suite>
<status status="PASS" starttime="20200602 18:21:38.277" endtime="20200602 18:21:51.983"></status>
</suite>
<statistics>
<total>
<stat pass="1" fail="0">Critical Tests</stat>
<stat pass="1" fail="0">All Tests</stat>
</total>
<tag>
</tag>
<suite>
<stat pass="1" fail="0" id="s1" name="RobotFrameSelenium">RobotFrameSelenium</stat>
<stat pass="1" fail="0" id="s1-s1" name="Test">RobotFrameSelenium.Test</stat>
<stat pass="1" fail="0" id="s1-s1-s1" name="TestSuite1">RobotFrameSelenium.Test.TestSuite1</stat>
</suite>
</statistics>
<errors>
</errors>
</robot>
